<?xml version="1.0" encoding="UTF-8"?>
<testng-results ignored="0" total="4" passed="3" failed="1" skipped="0">
  <reporter-output>
  </reporter-output>
  <suite started-at="2023-03-06T07:47:15 IST" name="Suite" finished-at="2023-03-06T07:47:59 IST" duration-ms="44159">
    <groups>
    </groups>
    <test started-at="2023-03-06T07:47:15 IST" name="Test" finished-at="2023-03-06T07:47:59 IST" duration-ms="44159">
      <class name="com.saucedemo.TestPack.TC02_VerifyLogOutFunctionality">
        <test-method is-config="true" signature="setUp(java.lang.String)[pri:0, instance:com.saucedemo.TestPack.TC02_VerifyLogOutFunctionality@18d87d80]" started-at="2023-03-06T07:47:39 IST" name="setUp" finished-at="2023-03-06T07:47:49 IST" duration-ms="9934" status="PASS">
          <params>
            <param index="0">
              <value>
                <![CDATA[chrome]]>
              </value>
            </param>
          </params>
          <reporter-output>
          </reporter-output>
        </test-method> <!-- setUp -->
        <test-method signature="verifyLogOutFunctionality()[pri:0, instance:com.saucedemo.TestPack.TC02_VerifyLogOutFunctionality@18d87d80]" started-at="2023-03-06T07:47:49 IST" name="verifyLogOutFunctionality" finished-at="2023-03-06T07:47:50 IST" duration-ms="751" status="PASS">
          <reporter-output>
          </reporter-output>
        </test-method> <!-- verifyLogOutFunctionality -->
        <test-method is-config="true" signature="tearDown()[pri:0, instance:com.saucedemo.TestPack.TC02_VerifyLogOutFunctionality@18d87d80]" started-at="2023-03-06T07:47:50 IST" name="tearDown" finished-at="2023-03-06T07:47:50 IST" duration-ms="655" status="PASS">
          <reporter-output>
          </reporter-output>
        </test-method> <!-- tearDown -->
      </class> <!-- com.saucedemo.TestPack.TC02_VerifyLogOutFunctionality -->
      <class name="com.saucedemo.TestPack.TC01_VerfiyLoginFunctionality">
        <test-method is-config="true" signature="setUp(java.lang.String)[pri:0, instance:com.saucedemo.TestPack.TC01_VerfiyLoginFunctionality@618425b5]" started-at="2023-03-06T07:47:50 IST" name="setUp" finished-at="2023-03-06T07:47:58 IST" duration-ms="8091" status="PASS">
          <params>
            <param index="0">
              <value>
                <![CDATA[chrome]]>
              </value>
            </param>
          </params>
          <reporter-output>
          </reporter-output>
        </test-method> <!-- setUp -->
        <test-method signature="verifyLoginFunctionality()[pri:0, instance:com.saucedemo.TestPack.TC01_VerfiyLoginFunctionality@618425b5]" started-at="2023-03-06T07:47:58 IST" name="verifyLoginFunctionality" finished-at="2023-03-06T07:47:58 IST" duration-ms="43" status="PASS">
          <reporter-output>
          </reporter-output>
        </test-method> <!-- verifyLoginFunctionality -->
        <test-method is-config="true" signature="tearDown()[pri:0, instance:com.saucedemo.TestPack.TC01_VerfiyLoginFunctionality@618425b5]" started-at="2023-03-06T07:47:58 IST" name="tearDown" finished-at="2023-03-06T07:47:59 IST" duration-ms="738" status="PASS">
          <reporter-output>
          </reporter-output>
        </test-method> <!-- tearDown -->
      </class> <!-- com.saucedemo.TestPack.TC01_VerfiyLoginFunctionality -->
      <class name="com.saucedemo.TestPack.TC03_VerifyBagProductAddToCartFunctionality">
        <test-method is-config="true" signature="setUp(java.lang.String)[pri:0, instance:com.saucedemo.TestPack.TC03_VerifyBagProductAddToCartFunctionality@4bb33f74]" started-at="2023-03-06T07:47:15 IST" name="setUp" finished-at="2023-03-06T07:47:28 IST" duration-ms="13129" status="PASS">
          <params>
            <param index="0">
              <value>
                <![CDATA[chrome]]>
              </value>
            </param>
          </params>
          <reporter-output>
          </reporter-output>
        </test-method> <!-- setUp -->
        <test-method signature="verifyBagProductAddToCartFunctionality()[pri:0, instance:com.saucedemo.TestPack.TC03_VerifyBagProductAddToCartFunctionality@4bb33f74]" started-at="2023-03-06T07:47:28 IST" name="verifyBagProductAddToCartFunctionality" finished-at="2023-03-06T07:47:29 IST" duration-ms="410" status="PASS">
          <reporter-output>
          </reporter-output>
        </test-method> <!-- verifyBagProductAddToCartFunctionality -->
        <test-method is-config="true" signature="tearDown()[pri:0, instance:com.saucedemo.TestPack.TC03_VerifyBagProductAddToCartFunctionality@4bb33f74]" started-at="2023-03-06T07:47:29 IST" name="tearDown" finished-at="2023-03-06T07:47:29 IST" duration-ms="639" status="PASS">
          <reporter-output>
          </reporter-output>
        </test-method> <!-- tearDown -->
      </class> <!-- com.saucedemo.TestPack.TC03_VerifyBagProductAddToCartFunctionality -->
      <class name="com.saucedemo.TestPack.TC04_VerfiyAllProductsAddToCartFunctionality">
        <test-method is-config="true" signature="setUp(java.lang.String)[pri:0, instance:com.saucedemo.TestPack.TC04_VerfiyAllProductsAddToCartFunctionality@1af2d44a]" started-at="2023-03-06T07:47:29 IST" name="setUp" finished-at="2023-03-06T07:47:37 IST" duration-ms="8082" status="PASS">
          <params>
            <param index="0">
              <value>
                <![CDATA[chrome]]>
              </value>
            </param>
          </params>
          <reporter-output>
          </reporter-output>
        </test-method> <!-- setUp -->
        <test-method signature="verifyAllProductProductAddToCartFunctionality()[pri:0, instance:com.saucedemo.TestPack.TC04_VerfiyAllProductsAddToCartFunctionality@1af2d44a]" started-at="2023-03-06T07:47:37 IST" name="verifyAllProductProductAddToCartFunctionality" finished-at="2023-03-06T07:47:38 IST" duration-ms="795" status="FAIL">
          <exception class="java.lang.AssertionError">
            <message>
              <![CDATA[expected [6] but found [3]]]>
            </message>
            <full-stacktrace>
              <![CDATA[java.lang.AssertionError: expected [6] but found [3]
at org.testng.Assert.fail(Assert.java:99)
at org.testng.Assert.failNotEquals(Assert.java:1037)
at org.testng.Assert.assertEqualsImpl(Assert.java:140)
at org.testng.Assert.assertEquals(Assert.java:122)
at org.testng.Assert.assertEquals(Assert.java:629)
at org.testng.Assert.assertEquals(Assert.java:639)
at com.saucedemo.TestPack.TC04_VerfiyAllProductsAddToCartFunctionality.verifyAllProductProductAddToCartFunctionality(TC04_VerfiyAllProductsAddToCartFunctionality.java:32)
at java.base/jdk.internal.reflect.NativeMethodAccessorImpl.invoke0(Native Method)
at java.base/jdk.internal.reflect.NativeMethodAccessorImpl.invoke(NativeMethodAccessorImpl.java:77)
at java.base/jdk.internal.reflect.DelegatingMethodAccessorImpl.invoke(DelegatingMethodAccessorImpl.java:43)
at java.base/java.lang.reflect.Method.invoke(Method.java:568)
at org.testng.internal.MethodInvocationHelper.invokeMethod(MethodInvocationHelper.java:133)
at org.testng.internal.TestInvoker.invokeMethod(TestInvoker.java:598)
at org.testng.internal.TestInvoker.invokeTestMethod(TestInvoker.java:173)
at org.testng.internal.MethodRunner.runInSequence(MethodRunner.java:46)
at org.testng.internal.TestInvoker$MethodInvocationAgent.invoke(TestInvoker.java:824)
at org.testng.internal.TestInvoker.invokeTestMethods(TestInvoker.java:146)
at org.testng.internal.TestMethodWorker.invokeTestMethods(TestMethodWorker.java:146)
at org.testng.internal.TestMethodWorker.run(TestMethodWorker.java:128)
at java.base/java.util.ArrayList.forEach(ArrayList.java:1511)
at org.testng.TestRunner.privateRun(TestRunner.java:794)
at org.testng.TestRunner.run(TestRunner.java:596)
at org.testng.SuiteRunner.runTest(SuiteRunner.java:377)
at org.testng.SuiteRunner.runSequentially(SuiteRunner.java:371)
at org.testng.SuiteRunner.privateRun(SuiteRunner.java:332)
at org.testng.SuiteRunner.run(SuiteRunner.java:276)
at org.testng.SuiteRunnerWorker.runSuite(SuiteRunnerWorker.java:53)
at org.testng.SuiteRunnerWorker.run(SuiteRunnerWorker.java:96)
at org.testng.TestNG.runSuitesSequentially(TestNG.java:1212)
at org.testng.TestNG.runSuitesLocally(TestNG.java:1134)
at org.testng.TestNG.runSuites(TestNG.java:1063)
at org.testng.TestNG.run(TestNG.java:1031)
at org.testng.remote.AbstractRemoteTestNG.run(AbstractRemoteTestNG.java:115)
at org.testng.remote.RemoteTestNG.initAndRun(RemoteTestNG.java:251)
at org.testng.remote.RemoteTestNG.main(RemoteTestNG.java:77)
]]>
            </full-stacktrace>
          </exception> <!-- java.lang.AssertionError -->
          <reporter-output>
          </reporter-output>
        </test-method> <!-- verifyAllProductProductAddToCartFunctionality -->
        <test-method is-config="true" signature="tearDown()[pri:0, instance:com.saucedemo.TestPack.TC04_VerfiyAllProductsAddToCartFunctionality@1af2d44a]" started-at="2023-03-06T07:47:38 IST" name="tearDown" finished-at="2023-03-06T07:47:39 IST" duration-ms="686" status="PASS">
          <reporter-output>
          </reporter-output>
        </test-method> <!-- tearDown -->
      </class> <!-- com.saucedemo.TestPack.TC04_VerfiyAllProductsAddToCartFunctionality -->
    </test> <!-- Test -->
  </suite> <!-- Suite -->
</testng-results>
